<?xml version="1.0" encoding="UTF-8"?>
<!-- Generated by org.testng.reporters.JUnitReportReporter -->
<testsuite hostname="DESKTOP-2M3SMF0" failures="0" tests="1" name="demopak.Parameter_Demo" time="0.037" errors="0" timestamp="2023-03-20T17:38:24 EET" skipped="0">
  <testcase classname="demopak.Parameter_Demo" name="testing" time="0.037"/>
  <system-out/>
</testsuite> <!-- demopak.Parameter_Demo -->
