<?xml version="1.0" encoding="UTF-8"?>
<!-- Generated by org.testng.reporters.JUnitReportReporter -->
<testsuite hostname="DESKTOP-2M3SMF0" failures="0" tests="5" name="demopak.Main_Demo" time="19.798" errors="0" timestamp="2023-03-22T08:07:08 EET" skipped="0">
  <testcase classname="demopak.Main_Demo" name="call_Title" time="0.007"/>
  <system-out/>
  <testcase classname="demopak.Main_Demo" name="Validation" time="6.592"/>
  <system-out/>
  <testcase classname="demopak.Main_Demo" name="Validation" time="6.602"/>
  <system-out/>
  <testcase classname="demopak.Main_Demo" name="Validation" time="6.517"/>
  <system-out/>
  <testcase classname="demopak.Main_Demo" name="check_img_drawer" time="0.080"/>
  <system-out/>
</testsuite> <!-- demopak.Main_Demo -->
